<?xml version="1.0" encoding="UTF-8"?>
<testsuite xmlns:xsi="http://www.w3.org/2001/XMLSchema-instance" xsi:noNamespaceSchemaLocation="https://maven.apache.org/surefire/maven-surefire-plugin/xsd/surefire-test-report-3.0.xsd" version="3.0" name="tp3.Exercice2.Exercice2Test" time="0.117" tests="11" errors="0" skipped="0" failures="0">
  <properties>
[...]
</properties>
  <testcase name="testCreateOrder_PriceNegative_LanceIllegalArgumentException" classname="tp3.Exercice2.Exercice2Test" time="0.061"/>
  <testcase name="testVerify_ProprietesOrder" classname="tp3.Exercice2.Exercice2Test" time="0.004"/>
  <testcase name="testStubbing_VerificationOrdreAppels" classname="tp3.Exercice2.Exercice2Test" time="0.007"/>
  <testcase name="testStubbing_ChaineExceptionPuisValeur" classname="tp3.Exercice2.Exercice2Test" time="0.003"/>
  <testcase name="testStubbing_VerificationOrdreAvecInOrder" classname="tp3.Exercice2.Exercice2Test" time="0.013"/>
  <testcase name="testCreateOrder_DaoRetourneNull" classname="tp3.Exercice2.Exercice2Test" time="0.003"/>
  <testcase name="testCreateOrder_ChaineCompleteControllerServiceDao" classname="tp3.Exercice2.Exercice2Test" time="0.002"/>
  <testcase name="testStubbing_DernierStubbingEcraseLePrecedent" classname="tp3.Exercice2.Exercice2Test" time="0.002"/>
  <testcase name="testCreateOrder_OrderNull_LanceIllegalArgumentException" classname="tp3.Exercice2.Exercice2Test" time="0.006"/>
  <testcase name="testCreateOrder_DaoLanceException_PropageeAuCaller" classname="tp3.Exercice2.Exercice2Test" time="0.004"/>
  <testcase name="testCreateOrder_QuantityNegative_LanceIllegalArgumentException" classname="tp3.Exercice2.Exercice2Test" time="0.003"/>
</testsuite>