<?xml version="1.0" encoding="UTF-8"?>
<testsuite xmlns:xsi="http://www.w3.org/2001/XMLSchema-instance" xsi:noNamespaceSchemaLocation="https://maven.apache.org/surefire/maven-surefire-plugin/xsd/surefire-test-report-3.0.xsd" version="3.0" name="tp1.FizzBuzzTest" time="0.091" tests="42" errors="0" skipped="0" failures="0">
  <properties>
[...]
</properties>
  <testcase name="testEdgeCase_JustAboveMultipleOf3" classname="tp1.FizzBuzzTest" time="0.006"/>
  <testcase name="testEdgeCase_JustAboveMultipleOf5" classname="tp1.FizzBuzzTest" time="0.001"/>
  <testcase name="testBoundary_Near3" classname="tp1.FizzBuzzTest" time="0.001"/>
  <testcase name="testBoundary_Near5" classname="tp1.FizzBuzzTest" time="0.001"/>
  <testcase name="testBranch_Buzz_False" classname="tp1.FizzBuzzTest" time="0.001"/>
  <testcase name="testFizzBuzz_MultipleOf15_150" classname="tp1.FizzBuzzTest" time="0.0"/>
  <testcase name="testBoundary_Near15" classname="tp1.FizzBuzzTest" time="0.0"/>
  <testcase name="testBoundary_Near30" classname="tp1.FizzBuzzTest" time="0.0"/>
  <testcase name="testCondition_NMod5Equals0_False" classname="tp1.FizzBuzzTest" time="0.0"/>
  <testcase name="testEdgeCase_LargeNumber" classname="tp1.FizzBuzzTest" time="0.0"/>
  <testcase name="testBranch_FizzBuzz_False_FizzFalse_BuzzTrue" classname="tp1.FizzBuzzTest" time="0.0"/>
  <testcase name="testBranch_FizzBuzz_False_FizzFalse_BuzzFalse" classname="tp1.FizzBuzzTest" time="0.0"/>
  <testcase name="testEdgeCase_JustBelowMultipleOf3" classname="tp1.FizzBuzzTest" time="0.0"/>
  <testcase name="testBranch_FizzBuzz_False_ThenFizzTrue" classname="tp1.FizzBuzzTest" time="0.0"/>
  <testcase name="testInputLessThanOrEqualTo1_ShouldThrowException_LargeNegative" classname="tp1.FizzBuzzTest" time="0.0"/>
  <testcase name="testEdgeCase_JustAboveMultipleOf15" classname="tp1.FizzBuzzTest" time="0.0"/>
  <testcase name="testNumber_Neither_2" classname="tp1.FizzBuzzTest" time="0.0"/>
  <testcase name="testCondition_NMod3Equals0_False" classname="tp1.FizzBuzzTest" time="0.002"/>
  <testcase name="testNumber_Neither_98" classname="tp1.FizzBuzzTest" time="0.002"/>
  <testcase name="testCondition_NMod15Equals0_True" classname="tp1.FizzBuzzTest" time="0.002"/>
  <testcase name="testCondition_NLessThanOrEqual1_False" classname="tp1.FizzBuzzTest" time="0.0"/>
  <testcase name="testBranch_Buzz_True" classname="tp1.FizzBuzzTest" time="0.001"/>
  <testcase name="testBranch_FizzBuzz_True" classname="tp1.FizzBuzzTest" time="0.0"/>
  <testcase name="testInputLessThanOrEqualTo1_ShouldThrowException_Negative" classname="tp1.FizzBuzzTest" time="0.001"/>
  <testcase name="testFizz_MultipleOf3_3" classname="tp1.FizzBuzzTest" time="0.0"/>
  <testcase name="testBranch_Validation_False" classname="tp1.FizzBuzzTest" time="0.0"/>
  <testcase name="testSequence_11to15" classname="tp1.FizzBuzzTest" time="0.0"/>
  <testcase name="testSequence_16to20" classname="tp1.FizzBuzzTest" time="0.002"/>
  <testcase name="testSequence_2to5" classname="tp1.FizzBuzzTest" time="0.0"/>
  <testcase name="testInputLessThanOrEqualTo1_ShouldThrowException_Zero" classname="tp1.FizzBuzzTest" time="0.005"/>
  <testcase name="testCondition_NLessThanOrEqual1_True" classname="tp1.FizzBuzzTest" time="0.003"/>
  <testcase name="testCondition_NMod5Equals0_True" classname="tp1.FizzBuzzTest" time="0.0"/>
  <testcase name="testEdgeCase_JustBelowMultipleOf15" classname="tp1.FizzBuzzTest" time="0.003"/>
  <testcase name="testBuzz_MultipleOf5_25" classname="tp1.FizzBuzzTest" time="0.0"/>
  <testcase name="testCondition_NMod3Equals0_True" classname="tp1.FizzBuzzTest" time="0.0"/>
  <testcase name="testInputLessThanOrEqualTo1_ShouldThrowException_One" classname="tp1.FizzBuzzTest" time="0.0"/>
  <testcase name="testConstructor" classname="tp1.FizzBuzzTest" time="0.001"/>
  <testcase name="testCondition_NMod15Equals0_False" classname="tp1.FizzBuzzTest" time="0.002"/>
  <testcase name="testBranch_Fizz_False" classname="tp1.FizzBuzzTest" time="0.0"/>
  <testcase name="testBranch_Validation_True" classname="tp1.FizzBuzzTest" time="0.0"/>
  <testcase name="testSequence_6to10" classname="tp1.FizzBuzzTest" time="0.0"/>
  <testcase name="testBranch_Fizz_True" classname="tp1.FizzBuzzTest" time="0.002"/>
</testsuite>